{
  "RSpec": {
    "coverage": {
      "/Users/garethwoodman/Desktop/Makers Academy/Projects/bank_tech_test/spec/account_spec.rb": {
        "lines": [
          null,
          null,
          1,
          null,
          1,
          1,
          1,
          1,
          null,
          null,
          null,
          1,
          1,
          1,
          1,
          1,
          null,
          null,
          1,
          1,
          1,
          null,
          null,
          null,
          1,
          1,
          2,
          0,
          0,
          null,
          null,
          null,
          null
        ]
      },
      "/Users/garethwoodman/Desktop/Makers Academy/Projects/bank_tech_test/lib/account.rb": {
        "lines": [
          null,
          null,
          1,
          1,
          1,
          3,
          null,
          null,
          1,
          1,
          null,
          1,
          1,
          1,
          null,
          1,
          0,
          null,
          1,
          null,
          null,
          1,
          null,
          null,
          null,
          1,
          1,
          null,
          1,
          1,
          1,
          null,
          1,
          0,
          null,
          1,
          null,
          null,
          1,
          null,
          null,
          null
        ]
      },
      "/Users/garethwoodman/Desktop/Makers Academy/Projects/bank_tech_test/spec/account_statement_spec.rb": {
        "lines": [
          1,
          null,
          1,
          1,
          2,
          1,
          null,
          1,
          1,
          1,
          0,
          0,
          null,
          null,
          1,
          1,
          null,
          0,
          0,
          0,
          0,
          null,
          0,
          null,
          null,
          null
        ]
      },
      "/Users/garethwoodman/Desktop/Makers Academy/Projects/bank_tech_test/lib/account_statement.rb": {
        "lines": [
          null,
          null,
          1,
          1,
          0,
          null,
          null,
          1,
          0,
          0,
          0,
          0,
          null,
          0,
          null,
          null
        ]
      }
    },
    "timestamp": 1592404332
  }
}
